<?xml version="1.0" encoding="UTF-8"?>
<testng-results skipped="0" failed="0" total="4" passed="4">
  <reporter-output>
  </reporter-output>
  <suite name="Suite" duration-ms="23994" started-at="2019-01-29T23:46:20Z" finished-at="2019-01-29T23:46:44Z">
    <groups>
    </groups>
    <test name="Test" duration-ms="23994" started-at="2019-01-29T23:46:20Z" finished-at="2019-01-29T23:46:44Z">
      <class name="com.automationpractice.test.IndexPageQuicViewAsGuestUser">
        <test-method status="PASS" signature="setup()[pri:0, instance:com.automationpractice.test.IndexPageQuicViewAsGuestUser@1e88b3c]" name="setup" is-config="true" duration-ms="18673" started-at="2019-01-30T05:16:20Z" finished-at="2019-01-30T05:16:39Z">
          <reporter-output>
          </reporter-output>
        </test-method> <!-- setup -->
        <test-method status="PASS" signature="test_10100_VerifyThatMouseHoverIsHappeningOnAllItems()[pri:0, instance:com.automationpractice.test.IndexPageQuicViewAsGuestUser@1e88b3c]" name="test_10100_VerifyThatMouseHoverIsHappeningOnAllItems" duration-ms="1341" started-at="2019-01-30T05:16:39Z" finished-at="2019-01-30T05:16:40Z">
          <reporter-output>
          </reporter-output>
        </test-method> <!-- test_10100_VerifyThatMouseHoverIsHappeningOnAllItems -->
        <test-method status="PASS" signature="checkStatus(org.testng.ITestResult)[pri:0, instance:com.automationpractice.test.IndexPageQuicViewAsGuestUser@1e88b3c]" name="checkStatus" is-config="true" duration-ms="6" started-at="2019-01-30T05:16:40Z" finished-at="2019-01-30T05:16:40Z">
          <params>
            <param index="0">
              <value>
                <![CDATA[[TestResult name=test_10100_VerifyThatMouseHoverIsHappeningOnAllItems status=SUCCESS method=IndexPageQuicViewAsGuestUser.test_10100_VerifyThatMouseHoverIsHappeningOnAllItems()[pri:0, instance:com.automationpractice.test.IndexPageQuicViewAsGuestUser@1e88b3c] output={null}]]]>
              </value>
            </param>
          </params>
          <reporter-output>
          </reporter-output>
        </test-method> <!-- checkStatus -->
        <test-method status="PASS" signature="test_10101_VerifyThatWhileMouseHoveringPriceAddToCartAndMoreButtonsAreDisplayingOrNot()[pri:0, instance:com.automationpractice.test.IndexPageQuicViewAsGuestUser@1e88b3c]" name="test_10101_VerifyThatWhileMouseHoveringPriceAddToCartAndMoreButtonsAreDisplayingOrNot" duration-ms="2282" started-at="2019-01-30T05:16:40Z" finished-at="2019-01-30T05:16:43Z">
          <reporter-output>
          </reporter-output>
        </test-method> <!-- test_10101_VerifyThatWhileMouseHoveringPriceAddToCartAndMoreButtonsAreDisplayingOrNot -->
        <test-method status="PASS" signature="checkStatus(org.testng.ITestResult)[pri:0, instance:com.automationpractice.test.IndexPageQuicViewAsGuestUser@1e88b3c]" name="checkStatus" is-config="true" duration-ms="1" started-at="2019-01-30T05:16:43Z" finished-at="2019-01-30T05:16:43Z">
          <params>
            <param index="0">
              <value>
                <![CDATA[[TestResult name=test_10101_VerifyThatWhileMouseHoveringPriceAddToCartAndMoreButtonsAreDisplayingOrNot status=SUCCESS method=IndexPageQuicViewAsGuestUser.test_10101_VerifyThatWhileMouseHoveringPriceAddToCartAndMoreButtonsAreDisplayingOrNot()[pri:0, instance:com.automationpractice.test.IndexPageQuicViewAsGuestUser@1e88b3c] output={null}]]]>
              </value>
            </param>
          </params>
          <reporter-output>
          </reporter-output>
        </test-method> <!-- checkStatus -->
        <test-method status="PASS" signature="test_10102_VerifyThatWhileMouseHoveringItemNameTextIsDispalyedOrNot()[pri:0, instance:com.automationpractice.test.IndexPageQuicViewAsGuestUser@1e88b3c]" name="test_10102_VerifyThatWhileMouseHoveringItemNameTextIsDispalyedOrNot" duration-ms="669" started-at="2019-01-30T05:16:43Z" finished-at="2019-01-30T05:16:43Z">
          <reporter-output>
          </reporter-output>
        </test-method> <!-- test_10102_VerifyThatWhileMouseHoveringItemNameTextIsDispalyedOrNot -->
        <test-method status="PASS" signature="checkStatus(org.testng.ITestResult)[pri:0, instance:com.automationpractice.test.IndexPageQuicViewAsGuestUser@1e88b3c]" name="checkStatus" is-config="true" duration-ms="2" started-at="2019-01-30T05:16:43Z" finished-at="2019-01-30T05:16:43Z">
          <params>
            <param index="0">
              <value>
                <![CDATA[[TestResult name=test_10102_VerifyThatWhileMouseHoveringItemNameTextIsDispalyedOrNot status=SUCCESS method=IndexPageQuicViewAsGuestUser.test_10102_VerifyThatWhileMouseHoveringItemNameTextIsDispalyedOrNot()[pri:0, instance:com.automationpractice.test.IndexPageQuicViewAsGuestUser@1e88b3c] output={null}]]]>
              </value>
            </param>
          </params>
          <reporter-output>
          </reporter-output>
        </test-method> <!-- checkStatus -->
        <test-method status="PASS" signature="test_10103_VerifyThatSevenItemsAreDisplayedInHomeFeatured()[pri:0, instance:com.automationpractice.test.IndexPageQuicViewAsGuestUser@1e88b3c]" name="test_10103_VerifyThatSevenItemsAreDisplayedInHomeFeatured" duration-ms="2" started-at="2019-01-30T05:16:43Z" finished-at="2019-01-30T05:16:43Z">
          <reporter-output>
          </reporter-output>
        </test-method> <!-- test_10103_VerifyThatSevenItemsAreDisplayedInHomeFeatured -->
        <test-method status="PASS" signature="checkStatus(org.testng.ITestResult)[pri:0, instance:com.automationpractice.test.IndexPageQuicViewAsGuestUser@1e88b3c]" name="checkStatus" is-config="true" duration-ms="1" started-at="2019-01-30T05:16:43Z" finished-at="2019-01-30T05:16:43Z">
          <params>
            <param index="0">
              <value>
                <![CDATA[[TestResult name=test_10103_VerifyThatSevenItemsAreDisplayedInHomeFeatured status=SUCCESS method=IndexPageQuicViewAsGuestUser.test_10103_VerifyThatSevenItemsAreDisplayedInHomeFeatured()[pri:0, instance:com.automationpractice.test.IndexPageQuicViewAsGuestUser@1e88b3c] output={null}]]]>
              </value>
            </param>
          </params>
          <reporter-output>
          </reporter-output>
        </test-method> <!-- checkStatus -->
        <test-method status="PASS" signature="tearDown()[pri:0, instance:com.automationpractice.test.IndexPageQuicViewAsGuestUser@1e88b3c]" name="tearDown" is-config="true" duration-ms="867" started-at="2019-01-30T05:16:43Z" finished-at="2019-01-30T05:16:44Z">
          <reporter-output>
          </reporter-output>
        </test-method> <!-- tearDown -->
      </class> <!-- com.automationpractice.test.IndexPageQuicViewAsGuestUser -->
    </test> <!-- Test -->
  </suite> <!-- Suite -->
</testng-results>
