<?xml version="1.0" encoding="UTF-8"?>
<testng-results skipped="0" failed="0" total="1" passed="1">
  <reporter-output>
  </reporter-output>
  <suite name="Suite" duration-ms="30897" started-at="2019-01-23T14:56:19Z" finished-at="2019-01-23T14:56:50Z">
    <groups>
    </groups>
    <test name="Test" duration-ms="30897" started-at="2019-01-23T14:56:19Z" finished-at="2019-01-23T14:56:50Z">
      <class name="com.automationpractice.test.GuestUserCheckoutTestSuite">
        <test-method status="PASS" signature="setup()[pri:0, instance:com.automationpractice.test.GuestUserCheckoutTestSuite@1275dab]" name="setup" is-config="true" duration-ms="20207" started-at="2019-01-23T20:26:19Z" finished-at="2019-01-23T20:26:39Z">
          <reporter-output>
          </reporter-output>
        </test-method> <!-- setup -->
        <test-method status="PASS" signature="test_10002_VerifyThetUserCanAbleToClickAddToCartButtonAndConfirm()[pri:0, instance:com.automationpractice.test.GuestUserCheckoutTestSuite@1275dab]" name="test_10002_VerifyThetUserCanAbleToClickAddToCartButtonAndConfirm" duration-ms="10657" started-at="2019-01-23T20:26:39Z" finished-at="2019-01-23T20:26:50Z">
          <reporter-output>
          </reporter-output>
        </test-method> <!-- test_10002_VerifyThetUserCanAbleToClickAddToCartButtonAndConfirm -->
      </class> <!-- com.automationpractice.test.GuestUserCheckoutTestSuite -->
    </test> <!-- Test -->
  </suite> <!-- Suite -->
</testng-results>
