<?xml version="1.0" encoding="UTF-8"?>
<testng-results skipped="4" failed="0" total="4" passed="0">
  <reporter-output>
  </reporter-output>
  <suite name="Default suite" duration-ms="13991" started-at="2019-02-09T03:01:35Z" finished-at="2019-02-09T03:01:49Z">
    <groups>
    </groups>
    <test name="Default test" duration-ms="13991" started-at="2019-02-09T03:01:35Z" finished-at="2019-02-09T03:01:49Z">
      <class name="com.automationpractice.test.NewTest">
        <test-method status="FAIL" signature="setUpReport()[pri:0, instance:com.automationpractice.test.NewTest@ec5a4a]" name="setUpReport" is-config="true" duration-ms="0" started-at="2019-02-09T08:31:35Z" finished-at="2019-02-09T08:31:35Z">
          <exception class="org.openqa.selenium.SessionNotCreatedException">
            <message>
              <![CDATA[session not created
from disconnected: Unable to receive message from renderer
  (Session info: chrome=72.0.3626.96)
  (Driver info: chromedriver=2.45.615291 (ec3682e3c9061c10f26ea9e5cdcf3c53f3f74387),platform=Windows NT 6.1.7600 x86) (WARNING: The server did not provide any stacktrace information)
Command duration or timeout: 9.09 seconds
Build info: version: '2.53.0', revision: '35ae25b1534ae328c771e0856c93e187490ca824', time: '2016-03-15 10:43:46'
System info: host: 'Siva-PC', ip: '127.0.0.1', os.name: 'Windows 7', os.arch: 'x86', os.version: '6.1', java.version: '1.8.0_102'
Driver info: org.openqa.selenium.chrome.ChromeDriver]]>
            </message>
            <full-stacktrace>
              <![CDATA[org.openqa.selenium.SessionNotCreatedException: session not created
from disconnected: Unable to receive message from renderer
  (Session info: chrome=72.0.3626.96)
  (Driver info: chromedriver=2.45.615291 (ec3682e3c9061c10f26ea9e5cdcf3c53f3f74387),platform=Windows NT 6.1.7600 x86) (WARNING: The server did not provide any stacktrace information)
Command duration or timeout: 9.09 seconds
Build info: version: '2.53.0', revision: '35ae25b1534ae328c771e0856c93e187490ca824', time: '2016-03-15 10:43:46'
System info: host: 'Siva-PC', ip: '127.0.0.1', os.name: 'Windows 7', os.arch: 'x86', os.version: '6.1', java.version: '1.8.0_102'
Driver info: org.openqa.selenium.chrome.ChromeDriver
	at sun.reflect.NativeConstructorAccessorImpl.newInstance0(Native Method)
	at sun.reflect.NativeConstructorAccessorImpl.newInstance(Unknown Source)
	at sun.reflect.DelegatingConstructorAccessorImpl.newInstance(Unknown Source)
	at java.lang.reflect.Constructor.newInstance(Unknown Source)
	at org.openqa.selenium.remote.ErrorHandler.createThrowable(ErrorHandler.java:206)
	at org.openqa.selenium.remote.ErrorHandler.throwIfResponseFailed(ErrorHandler.java:158)
	at org.openqa.selenium.remote.RemoteWebDriver.execute(RemoteWebDriver.java:678)
	at org.openqa.selenium.remote.RemoteWebDriver.startSession(RemoteWebDriver.java:249)
	at org.openqa.selenium.remote.RemoteWebDriver.<init>(RemoteWebDriver.java:131)
	at org.openqa.selenium.remote.RemoteWebDriver.<init>(RemoteWebDriver.java:144)
	at org.openqa.selenium.chrome.ChromeDriver.<init>(ChromeDriver.java:170)
	at org.openqa.selenium.chrome.ChromeDriver.<init>(ChromeDriver.java:159)
	at org.openqa.selenium.chrome.ChromeDriver.<init>(ChromeDriver.java:116)
	at base.TestBase.initialization(TestBase.java:44)
	at com.automationpractice.test.NewTest.setUpReport(NewTest.java:41)
	at sun.reflect.NativeMethodAccessorImpl.invoke0(Native Method)
	at sun.reflect.NativeMethodAccessorImpl.invoke(Unknown Source)
	at sun.reflect.DelegatingMethodAccessorImpl.invoke(Unknown Source)
	at java.lang.reflect.Method.invoke(Unknown Source)
	at org.testng.internal.MethodInvocationHelper.invokeMethod(MethodInvocationHelper.java:80)
	at org.testng.internal.Invoker.invokeConfigurationMethod(Invoker.java:564)
	at org.testng.internal.Invoker.invokeConfigurations(Invoker.java:213)
	at org.testng.internal.Invoker.invokeConfigurations(Invoker.java:138)
	at org.testng.TestRunner.beforeRun(TestRunner.java:641)
	at org.testng.TestRunner.run(TestRunner.java:609)
	at org.testng.SuiteRunner.runTest(SuiteRunner.java:334)
	at org.testng.SuiteRunner.runSequentially(SuiteRunner.java:329)
	at org.testng.SuiteRunner.privateRun(SuiteRunner.java:291)
	at org.testng.SuiteRunner.run(SuiteRunner.java:240)
	at org.testng.SuiteRunnerWorker.runSuite(SuiteRunnerWorker.java:52)
	at org.testng.SuiteRunnerWorker.run(SuiteRunnerWorker.java:86)
	at org.testng.TestNG.runSuitesSequentially(TestNG.java:1198)
	at org.testng.TestNG.runSuitesLocally(TestNG.java:1123)
	at org.testng.TestNG.run(TestNG.java:1031)
	at org.testng.remote.AbstractRemoteTestNG.run(AbstractRemoteTestNG.java:114)
	at org.testng.remote.RemoteTestNG.initAndRun(RemoteTestNG.java:251)
	at org.testng.remote.RemoteTestNG.main(RemoteTestNG.java:77)
]]>
            </full-stacktrace>
          </exception> <!-- org.openqa.selenium.SessionNotCreatedException -->
          <reporter-output>
          </reporter-output>
        </test-method> <!-- setUpReport -->
        <test-method status="SKIP" signature="checkStatus(org.testng.ITestResult)[pri:0, instance:com.automationpractice.test.NewTest@ec5a4a]" name="checkStatus" is-config="true" duration-ms="0" started-at="2019-02-09T08:31:48Z" finished-at="2019-02-09T08:31:48Z">
          <reporter-output>
          </reporter-output>
        </test-method> <!-- checkStatus -->
        <test-method status="SKIP" signature="f()[pri:0, instance:com.automationpractice.test.NewTest@ec5a4a]" name="f" duration-ms="0" started-at="2019-02-09T08:31:48Z" finished-at="2019-02-09T08:31:48Z">
          <reporter-output>
          </reporter-output>
        </test-method> <!-- f -->
        <test-method status="SKIP" signature="checkStatus(org.testng.ITestResult)[pri:0, instance:com.automationpractice.test.NewTest@ec5a4a]" name="checkStatus" is-config="true" duration-ms="0" started-at="2019-02-09T08:31:49Z" finished-at="2019-02-09T08:31:49Z">
          <reporter-output>
          </reporter-output>
        </test-method> <!-- checkStatus -->
        <test-method status="SKIP" signature="idDispalyed()[pri:0, instance:com.automationpractice.test.NewTest@ec5a4a]" name="idDispalyed" duration-ms="0" started-at="2019-02-09T08:31:49Z" finished-at="2019-02-09T08:31:49Z">
          <reporter-output>
          </reporter-output>
        </test-method> <!-- idDispalyed -->
        <test-method status="SKIP" signature="logOff1()[pri:0, instance:com.automationpractice.test.NewTest@ec5a4a]" name="logOff1" duration-ms="0" started-at="2019-02-09T08:31:49Z" finished-at="2019-02-09T08:31:49Z">
          <reporter-output>
          </reporter-output>
        </test-method> <!-- logOff1 -->
        <test-method status="SKIP" signature="checkStatus(org.testng.ITestResult)[pri:0, instance:com.automationpractice.test.NewTest@ec5a4a]" name="checkStatus" is-config="true" duration-ms="0" started-at="2019-02-09T08:31:49Z" finished-at="2019-02-09T08:31:49Z">
          <reporter-output>
          </reporter-output>
        </test-method> <!-- checkStatus -->
        <test-method status="SKIP" signature="checkStatus(org.testng.ITestResult)[pri:0, instance:com.automationpractice.test.NewTest@ec5a4a]" name="checkStatus" is-config="true" duration-ms="0" started-at="2019-02-09T08:31:49Z" finished-at="2019-02-09T08:31:49Z">
          <reporter-output>
          </reporter-output>
        </test-method> <!-- checkStatus -->
        <test-method status="SKIP" signature="logOff2()[pri:0, instance:com.automationpractice.test.NewTest@ec5a4a]" name="logOff2" duration-ms="0" started-at="2019-02-09T08:31:49Z" finished-at="2019-02-09T08:31:49Z">
          <reporter-output>
          </reporter-output>
        </test-method> <!-- logOff2 -->
        <test-method status="SKIP" signature="tearDown()[pri:0, instance:com.automationpractice.test.NewTest@ec5a4a]" name="tearDown" is-config="true" duration-ms="0" started-at="2019-02-09T08:31:49Z" finished-at="2019-02-09T08:31:49Z">
          <reporter-output>
          </reporter-output>
        </test-method> <!-- tearDown -->
      </class> <!-- com.automationpractice.test.NewTest -->
    </test> <!-- Default test -->
  </suite> <!-- Default suite -->
</testng-results>
