<?xml version="1.0" encoding="UTF-8"?>
<!-- Generated by org.testng.reporters.JUnitXMLReporter -->
<testsuite hostname="Siva-PC" name="Test" tests="4" failures="0" timestamp="19 Jan 2019 05:47:15 GMT" time="1.031" errors="0">
  <testcase name="@BeforeTest setUpReport" time="0.0" classname="com.automationpractice.test.NewTest">
    <failure type="java.io.FileNotFoundException" message="D:\Selenium_Workspace\TestAutomation\src\main\java\testdata\TestData.xlsx (The system cannot find the path specified)">
      <![CDATA[java.io.FileNotFoundException: D:\Selenium_Workspace\TestAutomation\src\main\java\testdata\TestData.xlsx (The system cannot find the path specified)
	at java.io.FileInputStream.open0(Native Method)
	at java.io.FileInputStream.open(Unknown Source)
	at java.io.FileInputStream.<init>(Unknown Source)
	at java.io.FileInputStream.<init>(Unknown Source)
	at utilities.ExcelUtils.setExcelFile(ExcelUtils.java:34)
	at utilities.TestUtil.getBrowserName(TestUtil.java:35)
	at base.TestBase.initialization(TestBase.java:32)
	at com.automationpractice.test.NewTest.setUpReport(NewTest.java:41)
... Removed 22 stack frames]]>
    </failure>
  </testcase> <!-- @BeforeTest setUpReport -->
  <testcase name="@AfterMethod checkStatus" time="0.0" classname="com.automationpractice.test.NewTest">
    <skipped/>
  </testcase> <!-- @AfterMethod checkStatus -->
  <testcase name="@AfterMethod checkStatus" time="0.0" classname="com.automationpractice.test.NewTest">
    <skipped/>
  </testcase> <!-- @AfterMethod checkStatus -->
  <testcase name="@AfterMethod checkStatus" time="0.0" classname="com.automationpractice.test.NewTest">
    <skipped/>
  </testcase> <!-- @AfterMethod checkStatus -->
  <testcase name="@AfterMethod checkStatus" time="0.0" classname="com.automationpractice.test.NewTest">
    <skipped/>
  </testcase> <!-- @AfterMethod checkStatus -->
  <testcase name="@AfterTest tearDown" time="0.0" classname="com.automationpractice.test.NewTest">
    <skipped/>
  </testcase> <!-- @AfterTest tearDown -->
  <testcase name="f" time="0.004" classname="com.automationpractice.test.NewTest">
    <skipped/>
  </testcase> <!-- f -->
  <testcase name="idDispalyed" time="0.003" classname="com.automationpractice.test.NewTest">
    <skipped/>
  </testcase> <!-- idDispalyed -->
  <testcase name="logOff1" time="0.003" classname="com.automationpractice.test.NewTest">
    <skipped/>
  </testcase> <!-- logOff1 -->
  <testcase name="logOff2" time="0.003" classname="com.automationpractice.test.NewTest">
    <skipped/>
  </testcase> <!-- logOff2 -->
</testsuite> <!-- Test -->
